DEPRECATION WARNING: You didn't set `secret_key_base`. Read the upgrade documentation to learn more about this new config option. (called from service at /Users/stenio/.rvm/rubies/ruby-2.3.0/lib/ruby/2.3.0/webrick/httpserver.rb:140)
DEPRECATION WARNING: You didn't set `secret_key_base`. Read the upgrade documentation to learn more about this new config option. (called from service at /Users/stenio/.rvm/rubies/ruby-2.3.0/lib/ruby/2.3.0/webrick/httpserver.rb:140)
DEPRECATION WARNING: You didn't set `secret_key_base`. Read the upgrade documentation to learn more about this new config option. (called from service at /Users/stenio/.rvm/rubies/ruby-2.3.0/lib/ruby/2.3.0/webrick/httpserver.rb:140)
DEPRECATION WARNING: You didn't set `secret_key_base`. Read the upgrade documentation to learn more about this new config option. (called from service at /Users/stenio/.rvm/rubies/ruby-2.3.0/lib/ruby/2.3.0/webrick/httpserver.rb:140)
DEPRECATION WARNING: You didn't set `secret_key_base`. Read the upgrade documentation to learn more about this new config option. (called from service at /Users/stenio/.rvm/rubies/ruby-2.3.0/lib/ruby/2.3.0/webrick/httpserver.rb:140)
DEPRECATION WARNING: You didn't set `secret_key_base`. Read the upgrade documentation to learn more about this new config option. (called from service at /Users/stenio/.rvm/rubies/ruby-2.3.0/lib/ruby/2.3.0/webrick/httpserver.rb:140)
DEPRECATION WARNING: You didn't set `secret_key_base`. Read the upgrade documentation to learn more about this new config option. (called from service at /Users/stenio/.rvm/rubies/ruby-2.3.0/lib/ruby/2.3.0/webrick/httpserver.rb:140)
DEPRECATION WARNING: You didn't set `secret_key_base`. Read the upgrade documentation to learn more about this new config option. (called from service at /Users/stenio/.rvm/rubies/ruby-2.3.0/lib/ruby/2.3.0/webrick/httpserver.rb:140)


Started GET "/" for 127.0.0.1 at 2016-06-10 09:19:21 -0300
  [1m[36mActiveRecord::SchemaMigration Load (25.9ms)[0m  [1mSELECT "schema_migrations".* FROM "schema_migrations"[0m

ActiveRecord::PendingMigrationError (

Migrations are pending. To resolve this issue, run:

	bin/rake db:migrate RAILS_ENV=development

):
  activerecord (4.2.6) lib/active_record/migration.rb:392:in `check_pending!'
  activerecord (4.2.6) lib/active_record/migration.rb:373:in `call'
  actionpack (4.2.6) lib/action_dispatch/middleware/callbacks.rb:29:in `block in call'
  activesupport (4.2.6) lib/active_support/callbacks.rb:88:in `__run_callbacks__'
  activesupport (4.2.6) lib/active_support/callbacks.rb:778:in `_run_call_callbacks'
  activesupport (4.2.6) lib/active_support/callbacks.rb:81:in `run_callbacks'
  actionpack (4.2.6) lib/action_dispatch/middleware/callbacks.rb:27:in `call'
  actionpack (4.2.6) lib/action_dispatch/middleware/reloader.rb:73:in `call'
  actionpack (4.2.6) lib/action_dispatch/middleware/remote_ip.rb:78:in `call'
  actionpack (4.2.6) lib/action_dispatch/middleware/debug_exceptions.rb:17:in `call'
  web-console (2.3.0) lib/web_console/middleware.rb:28:in `block in call'
  web-console (2.3.0) lib/web_console/middleware.rb:18:in `catch'
  web-console (2.3.0) lib/web_console/middleware.rb:18:in `call'
  actionpack (4.2.6) lib/action_dispatch/middleware/show_exceptions.rb:30:in `call'
  railties (4.2.6) lib/rails/rack/logger.rb:38:in `call_app'
  railties (4.2.6) lib/rails/rack/logger.rb:20:in `block in call'
  activesupport (4.2.6) lib/active_support/tagged_logging.rb:68:in `block in tagged'
  activesupport (4.2.6) lib/active_support/tagged_logging.rb:26:in `tagged'
  activesupport (4.2.6) lib/active_support/tagged_logging.rb:68:in `tagged'
  railties (4.2.6) lib/rails/rack/logger.rb:20:in `call'
  actionpack (4.2.6) lib/action_dispatch/middleware/request_id.rb:21:in `call'
  rack (1.6.4) lib/rack/methodoverride.rb:22:in `call'
  rack (1.6.4) lib/rack/runtime.rb:18:in `call'
  activesupport (4.2.6) lib/active_support/cache/strategy/local_cache_middleware.rb:28:in `call'
  rack (1.6.4) lib/rack/lock.rb:17:in `call'
  actionpack (4.2.6) lib/action_dispatch/middleware/static.rb:120:in `call'
  rack (1.6.4) lib/rack/sendfile.rb:113:in `call'
  railties (4.2.6) lib/rails/engine.rb:518:in `call'
  railties (4.2.6) lib/rails/application.rb:165:in `call'
  rack (1.6.4) lib/rack/lock.rb:17:in `call'
  rack (1.6.4) lib/rack/content_length.rb:15:in `call'
  rack (1.6.4) lib/rack/handler/webrick.rb:88:in `service'
  /Users/stenio/.rvm/rubies/ruby-2.3.0/lib/ruby/2.3.0/webrick/httpserver.rb:140:in `service'
  /Users/stenio/.rvm/rubies/ruby-2.3.0/lib/ruby/2.3.0/webrick/httpserver.rb:96:in `run'
  /Users/stenio/.rvm/rubies/ruby-2.3.0/lib/ruby/2.3.0/webrick/server.rb:296:in `block in start_thread'


  Rendered /Users/stenio/.rvm/gems/ruby-2.3.0/gems/actionpack-4.2.6/lib/action_dispatch/middleware/templates/rescues/_source.erb (2.6ms)
  Rendered /Users/stenio/.rvm/gems/ruby-2.3.0/gems/actionpack-4.2.6/lib/action_dispatch/middleware/templates/rescues/_trace.html.erb (1.7ms)
  Rendered /Users/stenio/.rvm/gems/ruby-2.3.0/gems/actionpack-4.2.6/lib/action_dispatch/middleware/templates/rescues/_request_and_response.html.erb (0.9ms)
  Rendered /Users/stenio/.rvm/gems/ruby-2.3.0/gems/actionpack-4.2.6/lib/action_dispatch/middleware/templates/rescues/diagnostics.html.erb within rescues/layout (67.0ms)
  Rendered /Users/stenio/.rvm/gems/ruby-2.3.0/gems/web-console-2.3.0/lib/web_console/templates/_markup.html.erb (0.5ms)
  Rendered /Users/stenio/.rvm/gems/ruby-2.3.0/gems/web-console-2.3.0/lib/web_console/templates/_inner_console_markup.html.erb within layouts/inlined_string (0.5ms)
  Rendered /Users/stenio/.rvm/gems/ruby-2.3.0/gems/web-console-2.3.0/lib/web_console/templates/_prompt_box_markup.html.erb within layouts/inlined_string (0.4ms)
  Rendered /Users/stenio/.rvm/gems/ruby-2.3.0/gems/web-console-2.3.0/lib/web_console/templates/style.css.erb within layouts/inlined_string (0.4ms)
  Rendered /Users/stenio/.rvm/gems/ruby-2.3.0/gems/web-console-2.3.0/lib/web_console/templates/console.js.erb within layouts/javascript (70.4ms)
  Rendered /Users/stenio/.rvm/gems/ruby-2.3.0/gems/web-console-2.3.0/lib/web_console/templates/main.js.erb within layouts/javascript (0.4ms)
  Rendered /Users/stenio/.rvm/gems/ruby-2.3.0/gems/web-console-2.3.0/lib/web_console/templates/error_page.js.erb within layouts/javascript (0.4ms)
  Rendered /Users/stenio/.rvm/gems/ruby-2.3.0/gems/web-console-2.3.0/lib/web_console/templates/index.html.erb (143.4ms)
  [1m[36mActiveRecord::SchemaMigration Load (0.7ms)[0m  [1mSELECT "schema_migrations".* FROM "schema_migrations"[0m
Migrating to CreateUsers (20160605220143)
  [1m[35m (6.0ms)[0m  BEGIN
  [1m[36m (775.4ms)[0m  [1mCREATE TABLE "users" ("id" serial primary key, "name" character varying, "created_at" timestamp NOT NULL, "updated_at" timestamp NOT NULL) [0m
  [1m[35mSQL (81.8ms)[0m  INSERT INTO "schema_migrations" ("version") VALUES ($1)  [["version", "20160605220143"]]
  [1m[36m (16.1ms)[0m  [1mCOMMIT[0m
Migrating to AddDeviseToUsers (20160605220355)
  [1m[35m (5.5ms)[0m  BEGIN
  [1m[36m (125.5ms)[0m  [1mALTER TABLE "users" ADD "email" character varying DEFAULT '' NOT NULL[0m
  [1m[35m (27.4ms)[0m  ALTER TABLE "users" ADD "encrypted_password" character varying DEFAULT '' NOT NULL
  [1m[36m (6.0ms)[0m  [1mALTER TABLE "users" ADD "reset_password_token" character varying[0m
  [1m[35m (0.4ms)[0m  ALTER TABLE "users" ADD "reset_password_sent_at" timestamp
  [1m[36m (0.4ms)[0m  [1mALTER TABLE "users" ADD "remember_created_at" timestamp[0m
  [1m[35m (16.4ms)[0m  ALTER TABLE "users" ADD "sign_in_count" integer DEFAULT 0 NOT NULL
  [1m[36m (0.3ms)[0m  [1mALTER TABLE "users" ADD "current_sign_in_at" timestamp[0m
  [1m[35m (0.3ms)[0m  ALTER TABLE "users" ADD "last_sign_in_at" timestamp
  [1m[36m (0.4ms)[0m  [1mALTER TABLE "users" ADD "current_sign_in_ip" inet[0m
  [1m[35m (0.3ms)[0m  ALTER TABLE "users" ADD "last_sign_in_ip" inet
  [1m[36m (21.8ms)[0m  [1mCREATE UNIQUE INDEX  "index_users_on_email" ON "users"  ("email")[0m
  [1m[35m (7.6ms)[0m  CREATE UNIQUE INDEX  "index_users_on_reset_password_token" ON "users"  ("reset_password_token")
  [1m[36mSQL (0.2ms)[0m  [1mINSERT INTO "schema_migrations" ("version") VALUES ($1)[0m  [["version", "20160605220355"]]
  [1m[35m (12.8ms)[0m  COMMIT
  [1m[36mActiveRecord::SchemaMigration Load (0.3ms)[0m  [1mSELECT "schema_migrations".* FROM "schema_migrations"[0m
  [1m[35m (49.6ms)[0m  SELECT t2.oid::regclass::text AS to_table, a1.attname AS column, a2.attname AS primary_key, c.conname AS name, c.confupdtype AS on_update, c.confdeltype AS on_delete
FROM pg_constraint c
JOIN pg_class t1 ON c.conrelid = t1.oid
JOIN pg_class t2 ON c.confrelid = t2.oid
JOIN pg_attribute a1 ON a1.attnum = c.conkey[1] AND a1.attrelid = t1.oid
JOIN pg_attribute a2 ON a2.attnum = c.confkey[1] AND a2.attrelid = t2.oid
JOIN pg_namespace t3 ON c.connamespace = t3.oid
WHERE c.contype = 'f'
  AND t1.relname = 'ads'
  AND t3.nspname = ANY (current_schemas(false))
ORDER BY c.conname

  [1m[36m (4.5ms)[0m  [1mSELECT t2.oid::regclass::text AS to_table, a1.attname AS column, a2.attname AS primary_key, c.conname AS name, c.confupdtype AS on_update, c.confdeltype AS on_delete
FROM pg_constraint c
JOIN pg_class t1 ON c.conrelid = t1.oid
JOIN pg_class t2 ON c.confrelid = t2.oid
JOIN pg_attribute a1 ON a1.attnum = c.conkey[1] AND a1.attrelid = t1.oid
JOIN pg_attribute a2 ON a2.attnum = c.confkey[1] AND a2.attrelid = t2.oid
JOIN pg_namespace t3 ON c.connamespace = t3.oid
WHERE c.contype = 'f'
  AND t1.relname = 'advertisers'
  AND t3.nspname = ANY (current_schemas(false))
ORDER BY c.conname
[0m
  [1m[35m (4.8ms)[0m  SELECT t2.oid::regclass::text AS to_table, a1.attname AS column, a2.attname AS primary_key, c.conname AS name, c.confupdtype AS on_update, c.confdeltype AS on_delete
FROM pg_constraint c
JOIN pg_class t1 ON c.conrelid = t1.oid
JOIN pg_class t2 ON c.confrelid = t2.oid
JOIN pg_attribute a1 ON a1.attnum = c.conkey[1] AND a1.attrelid = t1.oid
JOIN pg_attribute a2 ON a2.attnum = c.confkey[1] AND a2.attrelid = t2.oid
JOIN pg_namespace t3 ON c.connamespace = t3.oid
WHERE c.contype = 'f'
  AND t1.relname = 'categories'
  AND t3.nspname = ANY (current_schemas(false))
ORDER BY c.conname

  [1m[36m (3.9ms)[0m  [1mSELECT t2.oid::regclass::text AS to_table, a1.attname AS column, a2.attname AS primary_key, c.conname AS name, c.confupdtype AS on_update, c.confdeltype AS on_delete
FROM pg_constraint c
JOIN pg_class t1 ON c.conrelid = t1.oid
JOIN pg_class t2 ON c.confrelid = t2.oid
JOIN pg_attribute a1 ON a1.attnum = c.conkey[1] AND a1.attrelid = t1.oid
JOIN pg_attribute a2 ON a2.attnum = c.confkey[1] AND a2.attrelid = t2.oid
JOIN pg_namespace t3 ON c.connamespace = t3.oid
WHERE c.contype = 'f'
  AND t1.relname = 'subcategories'
  AND t3.nspname = ANY (current_schemas(false))
ORDER BY c.conname
[0m
  [1m[35m (4.5ms)[0m  SELECT t2.oid::regclass::text AS to_table, a1.attname AS column, a2.attname AS primary_key, c.conname AS name, c.confupdtype AS on_update, c.confdeltype AS on_delete
FROM pg_constraint c
JOIN pg_class t1 ON c.conrelid = t1.oid
JOIN pg_class t2 ON c.confrelid = t2.oid
JOIN pg_attribute a1 ON a1.attnum = c.conkey[1] AND a1.attrelid = t1.oid
JOIN pg_attribute a2 ON a2.attnum = c.confkey[1] AND a2.attrelid = t2.oid
JOIN pg_namespace t3 ON c.connamespace = t3.oid
WHERE c.contype = 'f'
  AND t1.relname = 'users'
  AND t3.nspname = ANY (current_schemas(false))
ORDER BY c.conname



Started GET "/" for 127.0.0.1 at 2016-06-10 09:20:32 -0300
  [1m[36mActiveRecord::SchemaMigration Load (0.6ms)[0m  [1mSELECT "schema_migrations".* FROM "schema_migrations"[0m
Processing by HomeController#index as HTML
  Rendered home/index.html.erb within layouts/application (2.7ms)
Completed 200 OK in 2479ms (Views: 2459.6ms | ActiveRecord: 0.0ms)


Started GET "/assets/admin.self-e80e8f2318043e8af94dddc2adad5a4f09739a8ebb323b3ab31cd71d45fd9113.css?body=1" for 127.0.0.1 at 2016-06-10 09:20:35 -0300


Started GET "/assets/admin_login.self-d6ddefa62f33ea83d7535e185f8b2bc0b263a45ccf0fb5a2174a9dbf573f45db.css?body=1" for 127.0.0.1 at 2016-06-10 09:20:35 -0300


Started GET "/assets/bootstrap_and_overrides.self-b85ec57930a7e57658a355f494c8fca5e2691f1a1ed6bfd67ddfbf962e55a7ac.css?body=1" for 127.0.0.1 at 2016-06-10 09:20:35 -0300


Started GET "/assets/ads.self-e3b0c44298fc1c149afbf4c8996fb92427ae41e4649b934ca495991b7852b855.css?body=1" for 127.0.0.1 at 2016-06-10 09:20:35 -0300


Started GET "/assets/admin/anuncios.self-e3b0c44298fc1c149afbf4c8996fb92427ae41e4649b934ca495991b7852b855.css?body=1" for 127.0.0.1 at 2016-06-10 09:20:35 -0300


Started GET "/assets/admin/dashboard.self-e3b0c44298fc1c149afbf4c8996fb92427ae41e4649b934ca495991b7852b855.css?body=1" for 127.0.0.1 at 2016-06-10 09:20:35 -0300


Started GET "/assets/advertisements.self-e3b0c44298fc1c149afbf4c8996fb92427ae41e4649b934ca495991b7852b855.css?body=1" for 127.0.0.1 at 2016-06-10 09:20:35 -0300


Started GET "/assets/categories.self-e3b0c44298fc1c149afbf4c8996fb92427ae41e4649b934ca495991b7852b855.css?body=1" for 127.0.0.1 at 2016-06-10 09:20:35 -0300


Started GET "/assets/home.self-e3b0c44298fc1c149afbf4c8996fb92427ae41e4649b934ca495991b7852b855.css?body=1" for 127.0.0.1 at 2016-06-10 09:20:35 -0300


Started GET "/assets/scaffolds.self-dfb1c169cb6678febe22289702e199cbdd52edca8ac093d61d26f2a46fa04b80.css?body=1" for 127.0.0.1 at 2016-06-10 09:20:35 -0300


Started GET "/assets/small-business.self-770198a18353ce625c88862976f72f2e98a751a310433a7eb4d1cb5f2ddb93b0.css?body=1" for 127.0.0.1 at 2016-06-10 09:20:35 -0300


Started GET "/assets/subcategories.self-e3b0c44298fc1c149afbf4c8996fb92427ae41e4649b934ca495991b7852b855.css?body=1" for 127.0.0.1 at 2016-06-10 09:20:35 -0300


Started GET "/assets/users.self-e3b0c44298fc1c149afbf4c8996fb92427ae41e4649b934ca495991b7852b855.css?body=1" for 127.0.0.1 at 2016-06-10 09:20:35 -0300


Started GET "/assets/application.self-e80e8f2318043e8af94dddc2adad5a4f09739a8ebb323b3ab31cd71d45fd9113.css?body=1" for 127.0.0.1 at 2016-06-10 09:20:35 -0300


Started GET "/assets/jquery.self-660adc51e0224b731d29f575a6f1ec167ba08ad06ed5deca4f1e8654c135bf4c.js?body=1" for 127.0.0.1 at 2016-06-10 09:20:35 -0300


Started GET "/assets/jquery_ujs.self-e87806d0cf4489aeb1bb7288016024e8de67fd18db693fe026fe3907581e53cd.js?body=1" for 127.0.0.1 at 2016-06-10 09:20:35 -0300


Started GET "/assets/twitter/bootstrap/transition.self-09ff30b1e8a93d1f7728b9855f55d9c9d8d5734c8861e0d8139994e50944572a.js?body=1" for 127.0.0.1 at 2016-06-10 09:20:35 -0300


Started GET "/assets/twitter/bootstrap/alert.self-a29e91e8cd3ddaba9bbc466901d53ec2127e9256b9b941905d525a3a716bd1a5.js?body=1" for 127.0.0.1 at 2016-06-10 09:20:35 -0300


Started GET "/assets/twitter/bootstrap/modal.self-72f95ffa1071297725a9ac91989693d56d1abf23f441a47455073b0da2857a5b.js?body=1" for 127.0.0.1 at 2016-06-10 09:20:35 -0300


Started GET "/assets/twitter/bootstrap/dropdown.self-9314126777c6be5443e37ea7f7967d7914d72b3e60449ba50edc967446373059.js?body=1" for 127.0.0.1 at 2016-06-10 09:20:35 -0300


Started GET "/assets/twitter/bootstrap/scrollspy.self-a155b9d4b2f978905f0326c0f6635e1134fe91c6bfbfcbad079fa24a9fef2b0e.js?body=1" for 127.0.0.1 at 2016-06-10 09:20:35 -0300


Started GET "/assets/twitter/bootstrap/tab.self-122235057fbd4c6c7da377d59dc58f47b44cb1088a2e38e6ee6ce9d8ac29a26a.js?body=1" for 127.0.0.1 at 2016-06-10 09:20:35 -0300


Started GET "/assets/twitter/bootstrap/tooltip.self-11cf547be953f25f511cec668f6690473fd97b2f65502e4032f4030999a3f0c3.js?body=1" for 127.0.0.1 at 2016-06-10 09:20:35 -0300


Started GET "/assets/twitter/bootstrap/popover.self-77d8e3a2499c1104ef146396a68b82469ee2bdb365199b874694698d10405e9a.js?body=1" for 127.0.0.1 at 2016-06-10 09:20:35 -0300


Started GET "/assets/twitter/bootstrap/button.self-a6cb16785434acb365ae426aef9f1fce05ed553cae7a965e4471c3da71509175.js?body=1" for 127.0.0.1 at 2016-06-10 09:20:35 -0300


Started GET "/assets/twitter/bootstrap/collapse.self-7dc8bfbc2fbfabd2bad62c58ff8ffeaf8f20fb87c7ca6cd35f06d4dc19632587.js?body=1" for 127.0.0.1 at 2016-06-10 09:20:35 -0300


Started GET "/assets/twitter/bootstrap/carousel.self-57eb8422043cf0a85b7a9dc6843916eb0a3e35b419c7798a5eb254b918997631.js?body=1" for 127.0.0.1 at 2016-06-10 09:20:35 -0300


Started GET "/assets/twitter/bootstrap/affix.self-d2b642d8fbfc1d7041e2edefd66683ada567a980789dcd6f94fddda0b33408b5.js?body=1" for 127.0.0.1 at 2016-06-10 09:20:35 -0300


Started GET "/assets/twitter/bootstrap.self-fbfa5ad7d9aa0afe439ec4ff3883acc4cb92b62cb67c40d674320c9aa1d4642d.js?body=1" for 127.0.0.1 at 2016-06-10 09:20:35 -0300


Started GET "/assets/bootstrap.self-fdc98dee79ee88255e10cac6caa91338165cb76cf0d263744d8d90011fc2ef8f.js?body=1" for 127.0.0.1 at 2016-06-10 09:20:35 -0300


Started GET "/assets/admin.self-3b8dabdc891efe46b9a144b400ad69e37d7e5876bdc39dee783419a69d7ca819.js?body=1" for 127.0.0.1 at 2016-06-10 09:20:35 -0300


Started GET "/assets/admin/dashboard.self-877aef30ae1b040ab8a3aba4e3e309a11d7f2612f44dde450b5c157aa5f95c05.js?body=1" for 127.0.0.1 at 2016-06-10 09:20:35 -0300


Started GET "/assets/admin_login.self-4c39eb8c3b1317cfe7b9f86888c4268bca018bf441fd4db1ff983b54c772a3f4.js?body=1" for 127.0.0.1 at 2016-06-10 09:20:35 -0300


Started GET "/assets/ads.self-877aef30ae1b040ab8a3aba4e3e309a11d7f2612f44dde450b5c157aa5f95c05.js?body=1" for 127.0.0.1 at 2016-06-10 09:20:35 -0300


Started GET "/assets/advertisements.self-877aef30ae1b040ab8a3aba4e3e309a11d7f2612f44dde450b5c157aa5f95c05.js?body=1" for 127.0.0.1 at 2016-06-10 09:20:36 -0300


Started GET "/assets/categories.self-877aef30ae1b040ab8a3aba4e3e309a11d7f2612f44dde450b5c157aa5f95c05.js?body=1" for 127.0.0.1 at 2016-06-10 09:20:36 -0300


Started GET "/assets/home.self-877aef30ae1b040ab8a3aba4e3e309a11d7f2612f44dde450b5c157aa5f95c05.js?body=1" for 127.0.0.1 at 2016-06-10 09:20:36 -0300


Started GET "/assets/subcategories.self-877aef30ae1b040ab8a3aba4e3e309a11d7f2612f44dde450b5c157aa5f95c05.js?body=1" for 127.0.0.1 at 2016-06-10 09:20:36 -0300


Started GET "/assets/users.self-877aef30ae1b040ab8a3aba4e3e309a11d7f2612f44dde450b5c157aa5f95c05.js?body=1" for 127.0.0.1 at 2016-06-10 09:20:36 -0300


Started GET "/assets/application.self-3b8dabdc891efe46b9a144b400ad69e37d7e5876bdc39dee783419a69d7ca819.js?body=1" for 127.0.0.1 at 2016-06-10 09:20:36 -0300


Started GET "/images/favicon.ico" for 127.0.0.1 at 2016-06-10 09:20:36 -0300

ActionController::RoutingError (No route matches [GET] "/images/favicon.ico"):
  actionpack (4.2.6) lib/action_dispatch/middleware/debug_exceptions.rb:21:in `call'
  web-console (2.3.0) lib/web_console/middleware.rb:28:in `block in call'
  web-console (2.3.0) lib/web_console/middleware.rb:18:in `catch'
  web-console (2.3.0) lib/web_console/middleware.rb:18:in `call'
  actionpack (4.2.6) lib/action_dispatch/middleware/show_exceptions.rb:30:in `call'
  railties (4.2.6) lib/rails/rack/logger.rb:38:in `call_app'
  railties (4.2.6) lib/rails/rack/logger.rb:20:in `block in call'
  activesupport (4.2.6) lib/active_support/tagged_logging.rb:68:in `block in tagged'
  activesupport (4.2.6) lib/active_support/tagged_logging.rb:26:in `tagged'
  activesupport (4.2.6) lib/active_support/tagged_logging.rb:68:in `tagged'
  railties (4.2.6) lib/rails/rack/logger.rb:20:in `call'
  actionpack (4.2.6) lib/action_dispatch/middleware/request_id.rb:21:in `call'
  rack (1.6.4) lib/rack/methodoverride.rb:22:in `call'
  rack (1.6.4) lib/rack/runtime.rb:18:in `call'
  activesupport (4.2.6) lib/active_support/cache/strategy/local_cache_middleware.rb:28:in `call'
  rack (1.6.4) lib/rack/lock.rb:17:in `call'
  actionpack (4.2.6) lib/action_dispatch/middleware/static.rb:120:in `call'
  rack (1.6.4) lib/rack/sendfile.rb:113:in `call'
  railties (4.2.6) lib/rails/engine.rb:518:in `call'
  railties (4.2.6) lib/rails/application.rb:165:in `call'
  rack (1.6.4) lib/rack/lock.rb:17:in `call'
  rack (1.6.4) lib/rack/content_length.rb:15:in `call'
  rack (1.6.4) lib/rack/handler/webrick.rb:88:in `service'
  /Users/stenio/.rvm/rubies/ruby-2.3.0/lib/ruby/2.3.0/webrick/httpserver.rb:140:in `service'
  /Users/stenio/.rvm/rubies/ruby-2.3.0/lib/ruby/2.3.0/webrick/httpserver.rb:96:in `run'
  /Users/stenio/.rvm/rubies/ruby-2.3.0/lib/ruby/2.3.0/webrick/server.rb:296:in `block in start_thread'


  Rendered /Users/stenio/.rvm/gems/ruby-2.3.0/gems/actionpack-4.2.6/lib/action_dispatch/middleware/templates/rescues/_trace.html.erb (1.8ms)
  Rendered /Users/stenio/.rvm/gems/ruby-2.3.0/gems/actionpack-4.2.6/lib/action_dispatch/middleware/templates/routes/_route.html.erb (5.8ms)
  Rendered /Users/stenio/.rvm/gems/ruby-2.3.0/gems/actionpack-4.2.6/lib/action_dispatch/middleware/templates/routes/_table.html.erb (14.3ms)
  Rendered /Users/stenio/.rvm/gems/ruby-2.3.0/gems/actionpack-4.2.6/lib/action_dispatch/middleware/templates/rescues/_request_and_response.html.erb (2.2ms)
  Rendered /Users/stenio/.rvm/gems/ruby-2.3.0/gems/actionpack-4.2.6/lib/action_dispatch/middleware/templates/rescues/routing_error.html.erb within rescues/layout (139.4ms)
  Rendered /Users/stenio/.rvm/gems/ruby-2.3.0/gems/web-console-2.3.0/lib/web_console/templates/_markup.html.erb (0.6ms)
  Rendered /Users/stenio/.rvm/gems/ruby-2.3.0/gems/web-console-2.3.0/lib/web_console/templates/_inner_console_markup.html.erb within layouts/inlined_string (0.5ms)
  Rendered /Users/stenio/.rvm/gems/ruby-2.3.0/gems/web-console-2.3.0/lib/web_console/templates/_prompt_box_markup.html.erb within layouts/inlined_string (0.5ms)
  Rendered /Users/stenio/.rvm/gems/ruby-2.3.0/gems/web-console-2.3.0/lib/web_console/templates/style.css.erb within layouts/inlined_string (0.7ms)
  Rendered /Users/stenio/.rvm/gems/ruby-2.3.0/gems/web-console-2.3.0/lib/web_console/templates/console.js.erb within layouts/javascript (81.1ms)
  Rendered /Users/stenio/.rvm/gems/ruby-2.3.0/gems/web-console-2.3.0/lib/web_console/templates/main.js.erb within layouts/javascript (0.5ms)
  Rendered /Users/stenio/.rvm/gems/ruby-2.3.0/gems/web-console-2.3.0/lib/web_console/templates/error_page.js.erb within layouts/javascript (0.4ms)
  Rendered /Users/stenio/.rvm/gems/ruby-2.3.0/gems/web-console-2.3.0/lib/web_console/templates/index.html.erb (161.0ms)


Started GET "/sobre" for 127.0.0.1 at 2016-06-10 09:21:22 -0300
Processing by StaticPagesController#about as HTML
  Rendered static_pages/about.html.erb within layouts/application (1.0ms)
Completed 200 OK in 165ms (Views: 163.2ms | ActiveRecord: 0.0ms)


Started GET "/como-funciona" for 127.0.0.1 at 2016-06-10 09:21:23 -0300
Processing by StaticPagesController#how_works as HTML
  Rendered static_pages/how_works.html.erb within layouts/application (0.4ms)
Completed 200 OK in 124ms (Views: 123.2ms | ActiveRecord: 0.0ms)


Started GET "/anuncios" for 127.0.0.1 at 2016-06-10 09:21:24 -0300
Processing by AdsController#index as HTML
  [1m[35mAd Load (25.7ms)[0m  SELECT  "ads".* FROM "ads" WHERE "ads"."status" = $1  ORDER BY "ads"."id" DESC, "ads"."premium" DESC, "ads"."title" ASC LIMIT 30 OFFSET 0  [["status", 1]]
  Rendered ads/index.html.erb within layouts/application (38.5ms)
Completed 200 OK in 169ms (Views: 123.4ms | ActiveRecord: 28.9ms)


Started GET "/contato" for 127.0.0.1 at 2016-06-10 09:21:25 -0300
Processing by StaticPagesController#contact as HTML
  Rendered static_pages/contact.html.erb within layouts/application (0.4ms)
Completed 200 OK in 101ms (Views: 100.7ms | ActiveRecord: 0.0ms)
